{
  "RSpec": {
    "coverage": {
      "/Users/joshhemser/Makers/techtests/bank-tech-test/spec/account_spec.rb": [
        null,
        null,
        1,
        null,
        1,
        7,
        null,
        1,
        1,
        1,
        1,
        null,
        null,
        null,
        null,
        1,
        1,
        1,
        1,
        1,
        null,
        null,
        null,
        null,
        1,
        1,
        1,
        1,
        1,
        1,
        null,
        1,
        1,
        2,
        null,
        null,
        null,
        null,
        null,
        null,
        1,
        1,
        1,
        1,
        null,
        null,
        null,
        1,
        1,
        1,
        1,
        1,
        null,
        null,
        null,
        null,
        null,
        null,
        null,
        null
      ],
      "/Users/joshhemser/Makers/techtests/bank-tech-test/lib/account.rb": [
        null,
        null,
        1,
        1,
        null,
        1,
        1,
        null,
        1,
        6,
        6,
        6,
        null,
        null,
        1,
        4,
        4,
        null,
        null,
        1,
        3,
        2,
        2,
        null,
        null,
        1,
        2,
        2,
        null,
        null,
        1,
        null,
        1,
        1,
        null,
        null
      ],
      "/Users/joshhemser/Makers/techtests/bank-tech-test/lib/transactions.rb": [
        null,
        null,
        1,
        null,
        1,
        1,
        null,
        1,
        11,
        11,
        null,
        null,
        1,
        11,
        null,
        null,
        null
      ],
      "/Users/joshhemser/Makers/techtests/bank-tech-test/lib/statement.rb": [
        1,
        1,
        null,
        1,
        null,
        1,
        4,
        11,
        null,
        null,
        null
      ],
      "/Users/joshhemser/Makers/techtests/bank-tech-test/spec/statement_spec.rb": [
        null,
        null,
        1,
        null,
        1,
        3,
        null,
        1,
        1,
        1,
        1,
        null,
        1,
        1,
        1,
        null,
        null,
        null
      ],
      "/Users/joshhemser/Makers/techtests/bank-tech-test/spec/transactions_spec.rb": [
        null,
        null,
        1,
        null,
        1,
        6,
        null,
        1,
        1,
        1,
        1,
        null,
        null,
        null,
        1,
        1,
        1,
        1,
        1,
        1,
        1,
        null,
        null,
        null,
        1,
        1,
        1,
        1,
        1,
        1,
        1,
        null,
        null,
        null,
        1,
        1,
        1,
        1,
        null,
        1,
        null,
        null,
        null,
        1,
        1,
        1,
        1,
        1,
        1,
        1,
        1,
        1,
        null,
        null,
        null,
        null,
        null,
        null,
        null
      ]
    },
    "timestamp": 1566997046
  }
}
